<?xml version="1.0" encoding="UTF-8"?>
<testng-results ignored="0" total="3" passed="3" failed="0" skipped="0">
  <reporter-output>
  </reporter-output>
  <suite started-at="2024-11-28T13:15:31Z" name="Default suite" finished-at="2024-11-28T13:15:51Z" duration-ms="20554">
    <groups>
    </groups>
    <test started-at="2024-11-28T13:15:31Z" name="Default test" finished-at="2024-11-28T13:15:51Z" duration-ms="20554">
      <class name="eauctionFlow.ApproverLogin">
        <test-method is-config="true" signature="setUp()[pri:0, instance:eauctionFlow.ApproverLogin@1534f01b]" started-at="2024-11-28T18:45:31Z" name="setUp" finished-at="2024-11-28T18:45:36Z" duration-ms="4957" status="PASS">
          <reporter-output>
          </reporter-output>
        </test-method> <!-- setUp -->
        <test-method signature="LoginApprover()[pri:1, instance:eauctionFlow.ApproverLogin@1534f01b]" started-at="2024-11-28T18:45:36Z" name="LoginApprover" finished-at="2024-11-28T18:45:37Z" duration-ms="1236" status="PASS">
          <reporter-output>
          </reporter-output>
        </test-method> <!-- LoginApprover -->
        <test-method signature="approveevent()[pri:2, instance:eauctionFlow.ApproverLogin@1534f01b]" started-at="2024-11-28T18:45:37Z" name="approveevent" finished-at="2024-11-28T18:45:46Z" duration-ms="8928" status="PASS">
          <reporter-output>
          </reporter-output>
        </test-method> <!-- approveevent -->
        <test-method signature="publishevent()[pri:3, instance:eauctionFlow.ApproverLogin@1534f01b]" started-at="2024-11-28T18:45:46Z" name="publishevent" finished-at="2024-11-28T18:45:51Z" duration-ms="5309" status="PASS">
          <reporter-output>
          </reporter-output>
        </test-method> <!-- publishevent -->
      </class> <!-- eauctionFlow.ApproverLogin -->
    </test> <!-- Default test -->
  </suite> <!-- Default suite -->
</testng-results>
